{
  service: 'covoiturage-api',
  environment: 'development',
  version: '1.0.0',
  level: 'info',
  message: 'MongoDB connecté: ac-fo3bwlv-shard-00-02.hsp25l7.mongodb.net',
  timestamp: '2025-08-11 01:58:33'
}
{
  service: 'covoiturage-api',
  environment: 'development',
  version: '1.0.0',
  level: 'info',
  message: 'MongoDB connecté: ac-fo3bwlv-shard-00-02.hsp25l7.mongodb.net',
  timestamp: '2025-08-11 01:58:51'
}
{
  service: 'covoiturage-api',
  environment: 'development',
  version: '1.0.0',
  email: 'john.doe@example.com',
  level: 'info',
  message: "Tentative d'inscription",
  timestamp: '2025-08-11 02:06:45'
}
{
  service: 'covoiturage-api',
  environment: 'development',
  version: '1.0.0',
  level: 'error',
  message: 'Erreur détaillée :',
  timestamp: '2025-08-11 02:06:55'
}
{
  service: 'covoiturage-api',
  environment: 'development',
  version: '1.0.0',
  level: 'error',
  message: 'Stack trace :',
  timestamp: '2025-08-11 02:06:55'
}
{
  service: 'covoiturage-api',
  environment: 'development',
  version: '1.0.0',
  level: 'info',
  message: 'MongoDB connecté: ac-fo3bwlv-shard-00-01.hsp25l7.mongodb.net',
  timestamp: '2025-08-11 02:11:04'
}
{
  service: 'covoiturage-api',
  environment: 'development',
  version: '1.0.0',
  level: 'info',
  message: 'MongoDB connecté: ac-fo3bwlv-shard-00-01.hsp25l7.mongodb.net',
  timestamp: '2025-08-11 02:15:56'
}
{
  service: 'covoiturage-api',
  environment: 'development',
  version: '1.0.0',
  email: 'john.doe@example.com',
  level: 'info',
  message: "Tentative d'inscription",
  timestamp: '2025-08-11 02:16:09'
}
{
  service: 'covoiturage-api',
  environment: 'development',
  version: '1.0.0',
  level: 'error',
  message: 'Erreur détaillée :',
  timestamp: '2025-08-11 02:16:10'
}
{
  service: 'covoiturage-api',
  environment: 'development',
  version: '1.0.0',
  level: 'error',
  message: 'Stack trace :',
  timestamp: '2025-08-11 02:16:10'
}
{
  service: 'covoiturage-api',
  environment: 'development',
  version: '1.0.0',
  email: 'john.doe@example.com',
  level: 'info',
  message: "Tentative d'inscription",
  timestamp: '2025-08-11 02:17:39'
}
{
  service: 'covoiturage-api',
  environment: 'development',
  version: '1.0.0',
  level: 'error',
  message: 'Erreur détaillée :',
  timestamp: '2025-08-11 02:17:40'
}
{
  service: 'covoiturage-api',
  environment: 'development',
  version: '1.0.0',
  level: 'error',
  message: 'Stack trace :',
  timestamp: '2025-08-11 02:17:40'
}
{
  service: 'covoiturage-api',
  environment: 'development',
  version: '1.0.0',
  level: 'info',
  message: 'MongoDB connecté: ac-fo3bwlv-shard-00-00.hsp25l7.mongodb.net',
  timestamp: '2025-08-11 08:20:57'
}
{
  service: 'covoiturage-api',
  environment: 'development',
  version: '1.0.0',
  email: 'john.doe@example.com',
  level: 'info',
  message: "Tentative d'inscription",
  timestamp: '2025-08-11 08:35:00'
}
{
  service: 'covoiturage-api',
  environment: 'development',
  version: '1.0.0',
  level: 'error',
  message: 'Erreur détaillée :',
  timestamp: '2025-08-11 08:35:01'
}
{
  service: 'covoiturage-api',
  environment: 'development',
  version: '1.0.0',
  level: 'error',
  message: 'Stack trace :',
  timestamp: '2025-08-11 08:35:01'
}
{
  service: 'covoiturage-api',
  environment: 'development',
  version: '1.0.0',
  email: 'john.doe@example.com',
  level: 'info',
  message: "Tentative d'inscription",
  timestamp: '2025-08-11 08:36:17'
}
{
  service: 'covoiturage-api',
  environment: 'development',
  version: '1.0.0',
  level: 'error',
  message: 'Erreur détaillée :',
  timestamp: '2025-08-11 08:36:17'
}
{
  service: 'covoiturage-api',
  environment: 'development',
  version: '1.0.0',
  level: 'error',
  message: 'Stack trace :',
  timestamp: '2025-08-11 08:36:17'
}
{
  service: 'covoiturage-api',
  environment: 'development',
  version: '1.0.0',
  level: 'info',
  message: 'MongoDB connecté: ac-fo3bwlv-shard-00-00.hsp25l7.mongodb.net',
  timestamp: '2025-08-11 08:36:19'
}
{
  service: 'covoiturage-api',
  environment: 'development',
  version: '1.0.0',
  email: 'marie.konan@example.com',
  level: 'info',
  message: 'Tentative de connexion',
  timestamp: '2025-08-11 08:39:45'
}
{
  service: 'covoiturage-api',
  environment: 'development',
  version: '1.0.0',
  email: 'marie.konan@example.com',
  level: 'warn',
  message: 'Connexion échouée - Utilisateur non trouvé',
  timestamp: '2025-08-11 08:39:45'
}
{
  service: 'covoiturage-api',
  environment: 'development',
  version: '1.0.0',
  email: 'marie.konan@example.com',
  level: 'info',
  message: 'Tentative de connexion',
  timestamp: '2025-08-11 08:41:11'
}
{
  service: 'covoiturage-api',
  environment: 'development',
  version: '1.0.0',
  email: 'marie.konan@example.com',
  level: 'warn',
  message: 'Connexion échouée - Utilisateur non trouvé',
  timestamp: '2025-08-11 08:41:11'
}
{
  service: 'covoiturage-api',
  environment: 'development',
  version: '1.0.0',
  level: 'info',
  message: 'MongoDB connecté: ac-fo3bwlv-shard-00-00.hsp25l7.mongodb.net',
  timestamp: '2025-08-11 08:45:22'
}
{
  service: 'covoiturage-api',
  environment: 'development',
  version: '1.0.0',
  level: 'info',
  message: 'MongoDB connecté: ac-fo3bwlv-shard-00-00.hsp25l7.mongodb.net',
  timestamp: '2025-08-11 09:01:48'
}
{
  service: 'covoiturage-api',
  environment: 'development',
  version: '1.0.0',
  email: 'john.doe@example.com',
  level: 'info',
  message: "Tentative d'inscription",
  timestamp: '2025-08-11 09:02:13'
}
{
  service: 'covoiturage-api',
  environment: 'development',
  version: '1.0.0',
  level: 'error',
  message: 'Erreur détaillée :',
  timestamp: '2025-08-11 09:02:13'
}
{
  service: 'covoiturage-api',
  environment: 'development',
  version: '1.0.0',
  level: 'error',
  message: 'Stack trace :',
  timestamp: '2025-08-11 09:02:13'
}
{
  service: 'covoiturage-api',
  environment: 'development',
  version: '1.0.0',
  email: 'marie.konan@example.com',
  level: 'info',
  message: 'Tentative de connexion',
  timestamp: '2025-08-11 09:02:21'
}
{
  service: 'covoiturage-api',
  environment: 'development',
  version: '1.0.0',
  email: 'marie.konan@example.com',
  level: 'warn',
  message: 'Connexion échouée - Utilisateur non trouvé',
  timestamp: '2025-08-11 09:02:21'
}
{
  service: 'covoiturage-api',
  environment: 'development',
  version: '1.0.0',
  email: 'komenan@example.com',
  level: 'info',
  message: "Tentative d'inscription",
  timestamp: '2025-08-11 09:11:49'
}
{
  service: 'covoiturage-api',
  environment: 'development',
  version: '1.0.0',
  level: 'error',
  message: 'Erreur détaillée :',
  timestamp: '2025-08-11 09:11:49'
}
{
  service: 'covoiturage-api',
  environment: 'development',
  version: '1.0.0',
  level: 'error',
  message: 'Stack trace :',
  timestamp: '2025-08-11 09:11:49'
}
{
  service: 'covoiturage-api',
  environment: 'development',
  version: '1.0.0',
  email: 'komenan@example.com',
  level: 'info',
  message: "Tentative d'inscription",
  timestamp: '2025-08-11 09:11:52'
}
{
  service: 'covoiturage-api',
  environment: 'development',
  version: '1.0.0',
  level: 'error',
  message: 'Erreur détaillée :',
  timestamp: '2025-08-11 09:11:52'
}
{
  service: 'covoiturage-api',
  environment: 'development',
  version: '1.0.0',
  level: 'error',
  message: 'Stack trace :',
  timestamp: '2025-08-11 09:11:52'
}
{
  service: 'covoiturage-api',
  environment: 'development',
  version: '1.0.0',
  email: 'komenan@example.com',
  level: 'info',
  message: "Tentative d'inscription",
  timestamp: '2025-08-11 09:11:54'
}
{
  service: 'covoiturage-api',
  environment: 'development',
  version: '1.0.0',
  level: 'error',
  message: 'Erreur détaillée :',
  timestamp: '2025-08-11 09:11:54'
}
{
  service: 'covoiturage-api',
  environment: 'development',
  version: '1.0.0',
  level: 'error',
  message: 'Stack trace :',
  timestamp: '2025-08-11 09:11:54'
}
{
  service: 'covoiturage-api',
  environment: 'development',
  version: '1.0.0',
  email: 'komenan@example.com',
  level: 'info',
  message: "Tentative d'inscription",
  timestamp: '2025-08-11 09:11:57'
}
{
  service: 'covoiturage-api',
  environment: 'development',
  version: '1.0.0',
  level: 'error',
  message: 'Erreur détaillée :',
  timestamp: '2025-08-11 09:11:57'
}
{
  service: 'covoiturage-api',
  environment: 'development',
  version: '1.0.0',
  level: 'error',
  message: 'Stack trace :',
  timestamp: '2025-08-11 09:11:57'
}
{
  service: 'covoiturage-api',
  environment: 'development',
  version: '1.0.0',
  level: 'info',
  message: 'MongoDB connecté: ac-fo3bwlv-shard-00-02.hsp25l7.mongodb.net',
  timestamp: '2025-08-11 09:22:22'
}
{
  service: 'covoiturage-api',
  environment: 'development',
  version: '1.0.0',
  level: 'info',
  message: 'MongoDB connecté: ac-fo3bwlv-shard-00-01.hsp25l7.mongodb.net',
  timestamp: '2025-08-11 09:52:15'
}
{
  service: 'covoiturage-api',
  environment: 'development',
  version: '1.0.0',
  level: 'info',
  message: 'MongoDB connecté: ac-fo3bwlv-shard-00-02.hsp25l7.mongodb.net',
  timestamp: '2025-08-11 10:22:13'
}
{
  service: 'covoiturage-api',
  environment: 'development',
  version: '1.0.0',
  level: 'info',
  message: 'MongoDB connecté: ac-fo3bwlv-shard-00-01.hsp25l7.mongodb.net',
  timestamp: '2025-08-11 10:34:50'
}
{
  service: 'covoiturage-api',
  environment: 'development',
  version: '1.0.0',
  level: 'info',
  message: 'MongoDB connecté: ac-fo3bwlv-shard-00-00.hsp25l7.mongodb.net',
  timestamp: '2025-08-11 10:41:58'
}
{
  service: 'covoiturage-api',
  environment: 'development',
  version: '1.0.0',
  level: 'info',
  message: 'MongoDB connecté: ac-fo3bwlv-shard-00-01.hsp25l7.mongodb.net',
  timestamp: '2025-08-11 10:47:44'
}
{
  service: 'covoiturage-api',
  environment: 'development',
  version: '1.0.0',
  level: 'info',
  message: 'MongoDB connecté: ac-fo3bwlv-shard-00-01.hsp25l7.mongodb.net',
  timestamp: '2025-08-11 11:08:30'
}
{
  service: 'covoiturage-api',
  environment: 'development',
  version: '1.0.0',
  level: 'info',
  message: 'MongoDB connecté: ac-fo3bwlv-shard-00-02.hsp25l7.mongodb.net',
  timestamp: '2025-08-11 11:29:55'
}
{
  service: 'covoiturage-api',
  environment: 'development',
  version: '1.0.0',
  level: 'info',
  message: 'MongoDB connecté: ac-fo3bwlv-shard-00-00.hsp25l7.mongodb.net',
  timestamp: '2025-08-11 11:33:50'
}
{
  service: 'covoiturage-api',
  environment: 'development',
  version: '1.0.0',
  level: 'info',
  message: 'MongoDB connecté: ac-fo3bwlv-shard-00-00.hsp25l7.mongodb.net',
  timestamp: '2025-08-11 12:05:21'
}
{
  service: 'covoiturage-api',
  environment: 'development',
  version: '1.0.0',
  level: 'info',
  message: 'MongoDB connecté: ac-fo3bwlv-shard-00-00.hsp25l7.mongodb.net',
  timestamp: '2025-08-11 12:29:35'
}
{
  service: 'covoiturage-api',
  environment: 'development',
  version: '1.0.0',
  level: 'info',
  message: 'MongoDB connecté: ac-fo3bwlv-shard-00-01.hsp25l7.mongodb.net',
  timestamp: '2025-08-11 12:35:06'
}
{
  service: 'covoiturage-api',
  environment: 'development',
  version: '1.0.0',
  level: 'info',
  message: 'MongoDB connecté: ac-fo3bwlv-shard-00-02.hsp25l7.mongodb.net',
  timestamp: '2025-08-11 12:42:06'
}
{
  service: 'covoiturage-api',
  environment: 'development',
  version: '1.0.0',
  level: 'info',
  message: 'MongoDB connecté: ac-fo3bwlv-shard-00-01.hsp25l7.mongodb.net',
  timestamp: '2025-08-11 12:45:31'
}
{
  service: 'covoiturage-api',
  environment: 'development',
  version: '1.0.0',
  level: 'info',
  message: 'MongoDB connecté: ac-fo3bwlv-shard-00-00.hsp25l7.mongodb.net',
  timestamp: '2025-08-11 13:59:17'
}
{
  service: 'covoiturage-api',
  environment: 'development',
  version: '1.0.0',
  level: 'info',
  message: 'MongoDB connecté: ac-fo3bwlv-shard-00-00.hsp25l7.mongodb.net',
  timestamp: '2025-08-11 14:01:05'
}
{
  service: 'covoiturage-api',
  environment: 'development',
  version: '1.0.0',
  email: 'test@example.com',
  level: 'info',
  message: "Tentative d'inscription",
  timestamp: '2025-08-11 14:09:36'
}
{
  service: 'covoiturage-api',
  environment: 'development',
  version: '1.0.0',
  level: 'error',
  message: 'Erreur détaillée :',
  timestamp: '2025-08-11 14:09:36'
}
{
  service: 'covoiturage-api',
  environment: 'development',
  version: '1.0.0',
  level: 'error',
  message: 'Stack trace :',
  timestamp: '2025-08-11 14:09:36'
}
{
  service: 'covoiturage-api',
  environment: 'development',
  version: '1.0.0',
  level: 'info',
  message: 'MongoDB connecté: ac-fo3bwlv-shard-00-01.hsp25l7.mongodb.net',
  timestamp: '2025-08-11 14:11:00'
}
{
  service: 'covoiturage-api',
  environment: 'development',
  version: '1.0.0',
  level: 'info',
  message: 'MongoDB connecté: ac-fo3bwlv-shard-00-01.hsp25l7.mongodb.net',
  timestamp: '2025-08-11 14:22:49'
}
{
  service: 'covoiturage-api',
  environment: 'development',
  version: '1.0.0',
  email: 'test@example.com',
  level: 'info',
  message: "Tentative d'inscription",
  timestamp: '2025-08-11 14:26:07'
}
{
  service: 'covoiturage-api',
  environment: 'development',
  version: '1.0.0',
  level: 'error',
  message: 'Erreur détaillée :',
  timestamp: '2025-08-11 14:26:07'
}
{
  service: 'covoiturage-api',
  environment: 'development',
  version: '1.0.0',
  level: 'error',
  message: 'Stack trace :',
  timestamp: '2025-08-11 14:26:08'
}
{
  service: 'covoiturage-api',
  environment: 'development',
  version: '1.0.0',
  level: 'info',
  message: 'MongoDB connecté: ac-fo3bwlv-shard-00-00.hsp25l7.mongodb.net',
  timestamp: '2025-08-11 16:59:12'
}
{
  service: 'covoiturage-api',
  environment: 'development',
  version: '1.0.0',
  level: 'info',
  message: 'MongoDB connecté: ac-fo3bwlv-shard-00-00.hsp25l7.mongodb.net',
  timestamp: '2025-08-11 17:13:13'
}
{
  service: 'covoiturage-api',
  environment: 'development',
  version: '1.0.0',
  level: 'info',
  message: 'MongoDB connecté: ac-fo3bwlv-shard-00-02.hsp25l7.mongodb.net',
  timestamp: '2025-08-11 17:15:14'
}
{
  service: 'covoiturage-api',
  environment: 'development',
  version: '1.0.0',
  level: 'info',
  message: 'MongoDB connecté: ac-fo3bwlv-shard-00-01.hsp25l7.mongodb.net',
  timestamp: '2025-08-11 17:27:57'
}
{
  service: 'covoiturage-api',
  environment: 'development',
  version: '1.0.0',
  level: 'info',
  message: 'MongoDB connecté: ac-fo3bwlv-shard-00-00.hsp25l7.mongodb.net',
  timestamp: '2025-08-11 17:42:27'
}
{
  service: 'covoiturage-api',
  environment: 'development',
  version: '1.0.0',
  email: 'test@example.com',
  level: 'info',
  message: "Tentative d'inscription",
  timestamp: '2025-08-11 17:47:38'
}
{
  service: 'covoiturage-api',
  environment: 'development',
  version: '1.0.0',
  level: 'error',
  message: 'Erreur détaillée :',
  timestamp: '2025-08-11 17:47:39'
}
{
  service: 'covoiturage-api',
  environment: 'development',
  version: '1.0.0',
  level: 'error',
  message: 'Stack trace :',
  timestamp: '2025-08-11 17:47:39'
}
{
  service: 'covoiturage-api',
  environment: 'development',
  version: '1.0.0',
  level: 'info',
  message: 'MongoDB connecté: ac-fo3bwlv-shard-00-00.hsp25l7.mongodb.net',
  timestamp: '2025-08-11 18:05:10'
}
{
  service: 'covoiturage-api',
  environment: 'development',
  version: '1.0.0',
  level: 'info',
  message: 'MongoDB connecté: ac-fo3bwlv-shard-00-02.hsp25l7.mongodb.net',
  timestamp: '2025-08-11 18:22:41'
}
{
  service: 'covoiturage-api',
  environment: 'development',
  version: '1.0.0',
  email: 'test@example.com',
  level: 'info',
  message: "Tentative d'inscription",
  timestamp: '2025-08-11 18:29:03'
}
{
  service: 'covoiturage-api',
  environment: 'development',
  version: '1.0.0',
  level: 'error',
  message: 'Erreur détaillée :',
  timestamp: '2025-08-11 18:29:04'
}
{
  service: 'covoiturage-api',
  environment: 'development',
  version: '1.0.0',
  level: 'error',
  message: 'Stack trace :',
  timestamp: '2025-08-11 18:29:04'
}
{
  service: 'covoiturage-api',
  environment: 'development',
  version: '1.0.0',
  level: 'info',
  message: 'MongoDB connecté: ac-fo3bwlv-shard-00-01.hsp25l7.mongodb.net',
  timestamp: '2025-08-11 18:55:09'
}
{
  service: 'covoiturage-api',
  environment: 'development',
  version: '1.0.0',
  email: 'test@example.com',
  level: 'info',
  message: "Tentative d'inscription",
  timestamp: '2025-08-11 18:55:18'
}
{
  service: 'covoiturage-api',
  environment: 'development',
  version: '1.0.0',
  level: 'error',
  message: 'Erreur détaillée :',
  timestamp: '2025-08-11 18:55:18'
}
{
  service: 'covoiturage-api',
  environment: 'development',
  version: '1.0.0',
  level: 'error',
  message: 'Stack trace :',
  timestamp: '2025-08-11 18:55:18'
}
{
  service: 'covoiturage-api',
  environment: 'development',
  version: '1.0.0',
  email: 'test@example.com',
  level: 'info',
  message: "Tentative d'inscription",
  timestamp: '2025-08-11 18:55:20'
}
{
  service: 'covoiturage-api',
  environment: 'development',
  version: '1.0.0',
  level: 'error',
  message: 'Erreur détaillée :',
  timestamp: '2025-08-11 18:55:20'
}
{
  service: 'covoiturage-api',
  environment: 'development',
  version: '1.0.0',
  level: 'error',
  message: 'Stack trace :',
  timestamp: '2025-08-11 18:55:20'
}
{
  service: 'covoiturage-api',
  environment: 'development',
  version: '1.0.0',
  level: 'info',
  message: 'MongoDB connecté: ac-fo3bwlv-shard-00-00.hsp25l7.mongodb.net',
  timestamp: '2025-08-11 18:58:13'
}
{
  service: 'covoiturage-api',
  environment: 'development',
  version: '1.0.0',
  level: 'info',
  message: 'MongoDB connecté: ac-fo3bwlv-shard-00-01.hsp25l7.mongodb.net',
  timestamp: '2025-08-11 19:08:04'
}
{
  service: 'covoiturage-api',
  environment: 'development',
  version: '1.0.0',
  level: 'info',
  message: 'MongoDB connecté: ac-fo3bwlv-shard-00-02.hsp25l7.mongodb.net',
  timestamp: '2025-08-11 19:18:13'
}
{
  service: 'covoiturage-api',
  environment: 'development',
  version: '1.0.0',
  level: 'info',
  message: 'MongoDB connecté: ac-fo3bwlv-shard-00-01.hsp25l7.mongodb.net',
  timestamp: '2025-08-11 19:23:37'
}
{
  service: 'covoiturage-api',
  environment: 'development',
  version: '1.0.0',
  email: 'test@example.com',
  level: 'info',
  message: "Tentative d'inscription",
  timestamp: '2025-08-11 19:42:00'
}
{
  service: 'covoiturage-api',
  environment: 'development',
  version: '1.0.0',
  level: 'error',
  message: 'Erreur détaillée :',
  timestamp: '2025-08-11 19:42:01'
}
{
  service: 'covoiturage-api',
  environment: 'development',
  version: '1.0.0',
  level: 'error',
  message: 'Stack trace :',
  timestamp: '2025-08-11 19:42:01'
}
{
  service: 'covoiturage-api',
  environment: 'development',
  version: '1.0.0',
  email: 'test@example.com',
  level: 'info',
  message: "Tentative d'inscription",
  timestamp: '2025-08-11 19:49:47'
}
{
  service: 'covoiturage-api',
  environment: 'development',
  version: '1.0.0',
  level: 'error',
  message: 'Erreur détaillée :',
  timestamp: '2025-08-11 19:49:47'
}
{
  service: 'covoiturage-api',
  environment: 'development',
  version: '1.0.0',
  level: 'error',
  message: 'Stack trace :',
  timestamp: '2025-08-11 19:49:47'
}
{
  service: 'covoiturage-api',
  environment: 'development',
  version: '1.0.0',
  email: 'test.complet@example.com',
  level: 'info',
  message: "Tentative d'inscription",
  timestamp: '2025-08-11 19:55:09'
}
{
  service: 'covoiturage-api',
  environment: 'development',
  version: '1.0.0',
  level: 'error',
  message: 'Erreur détaillée :',
  timestamp: '2025-08-11 19:55:09'
}
{
  service: 'covoiturage-api',
  environment: 'development',
  version: '1.0.0',
  level: 'error',
  message: 'Stack trace :',
  timestamp: '2025-08-11 19:55:09'
}
{
  service: 'covoiturage-api',
  environment: 'development',
  version: '1.0.0',
  email: 'test.minimal@example.com',
  level: 'info',
  message: "Tentative d'inscription",
  timestamp: '2025-08-11 19:55:09'
}
{
  service: 'covoiturage-api',
  environment: 'development',
  version: '1.0.0',
  level: 'error',
  message: 'Erreur détaillée :',
  timestamp: '2025-08-11 19:55:10'
}
{
  service: 'covoiturage-api',
  environment: 'development',
  version: '1.0.0',
  level: 'error',
  message: 'Stack trace :',
  timestamp: '2025-08-11 19:55:10'
}
{
  service: 'covoiturage-api',
  environment: 'development',
  version: '1.0.0',
  level: 'info',
  message: 'MongoDB connecté: ac-fo3bwlv-shard-00-00.hsp25l7.mongodb.net',
  timestamp: '2025-08-11 19:55:46'
}
{
  service: 'covoiturage-api',
  environment: 'development',
  version: '1.0.0',
  email: 'test@example.com',
  level: 'info',
  message: "Tentative d'inscription",
  timestamp: '2025-08-11 19:56:30'
}
{
  service: 'covoiturage-api',
  environment: 'development',
  version: '1.0.0',
  userId: new ObjectId("689a4aef734f03dec7b024cf"),
  level: 'info',
  message: 'Inscription réussie',
  timestamp: '2025-08-11 19:56:33'
}
{
  service: 'covoiturage-api',
  environment: 'development',
  version: '1.0.0',
  email: 'amina.kone@example.com',
  level: 'info',
  message: "Tentative d'inscription",
  timestamp: '2025-08-11 20:03:35'
}
{
  service: 'covoiturage-api',
  environment: 'development',
  version: '1.0.0',
  userId: new ObjectId("689a4c98734f03dec7b024d3"),
  level: 'info',
  message: 'Inscription réussie',
  timestamp: '2025-08-11 20:03:37'
}
{
  service: 'covoiturage-api',
  environment: 'development',
  version: '1.0.0',
  email: 'test.statut@example.com',
  level: 'info',
  message: "Tentative d'inscription",
  timestamp: '2025-08-11 20:10:08'
}
{
  service: 'covoiturage-api',
  environment: 'development',
  version: '1.0.0',
  level: 'error',
  message: 'Erreur détaillée :',
  timestamp: '2025-08-11 20:10:10'
}
{
  service: 'covoiturage-api',
  environment: 'development',
  version: '1.0.0',
  level: 'error',
  message: 'Stack trace :',
  timestamp: '2025-08-11 20:10:10'
}
{
  service: 'covoiturage-api',
  environment: 'development',
  version: '1.0.0',
  email: 'email.inexistant@example.com',
  level: 'info',
  message: 'Tentative de connexion',
  timestamp: '2025-08-11 20:10:10'
}
{
  service: 'covoiturage-api',
  environment: 'development',
  version: '1.0.0',
  email: 'email.inexistant@example.com',
  level: 'warn',
  message: 'Connexion échouée - Utilisateur non trouvé',
  timestamp: '2025-08-11 20:10:10'
}
{
  service: 'covoiturage-api',
  environment: 'development',
  version: '1.0.0',
  email: 'test.blocage@example.com',
  level: 'info',
  message: "Tentative d'inscription",
  timestamp: '2025-08-11 20:10:10'
}
{
  service: 'covoiturage-api',
  environment: 'development',
  version: '1.0.0',
  level: 'error',
  message: 'Erreur détaillée :',
  timestamp: '2025-08-11 20:10:12'
}
{
  service: 'covoiturage-api',
  environment: 'development',
  version: '1.0.0',
  level: 'error',
  message: 'Stack trace :',
  timestamp: '2025-08-11 20:10:12'
}
{
  service: 'covoiturage-api',
  environment: 'development',
  version: '1.0.0',
  level: 'error',
  message: "Erreur de connexion MongoDB: Could not connect to any servers in your MongoDB Atlas cluster. One common reason is that you're trying to access the database from an IP that isn't whitelisted. Make sure your current IP address is on your Atlas cluster's IP whitelist: https://www.mongodb.com/docs/atlas/security-whitelist/",
  timestamp: '2025-08-11 20:23:08'
}
{
  service: 'covoiturage-api',
  environment: 'development',
  version: '1.0.0',
  level: 'info',
  message: 'MongoDB connecté: ac-fo3bwlv-shard-00-01.hsp25l7.mongodb.net',
  timestamp: '2025-08-11 20:30:42'
}
{
  service: 'covoiturage-api',
  environment: 'development',
  version: '1.0.0',
  level: 'info',
  message: 'MongoDB connecté: ac-fo3bwlv-shard-00-00.hsp25l7.mongodb.net',
  timestamp: '2025-08-11 20:38:16'
}
{
  service: 'covoiturage-api',
  environment: 'development',
  version: '1.0.0',
  level: 'info',
  message: 'MongoDB connecté: ac-fo3bwlv-shard-00-00.hsp25l7.mongodb.net',
  timestamp: '2025-08-11 20:38:44'
}
{
  service: 'covoiturage-api',
  environment: 'development',
  version: '1.0.0',
  level: 'info',
  message: 'MongoDB connecté: ac-fo3bwlv-shard-00-01.hsp25l7.mongodb.net',
  timestamp: '2025-08-11 20:44:06'
}
{
  service: 'covoiturage-api',
  environment: 'development',
  version: '1.0.0',
  email: 'largatton.kone@gmail.com',
  level: 'info',
  message: "Tentative d'inscription",
  timestamp: '2025-08-11 20:49:48'
}
{
  service: 'covoiturage-api',
  environment: 'development',
  version: '1.0.0',
  userId: new ObjectId("689a576dae2e678340bb1d85"),
  level: 'info',
  message: 'Inscription réussie',
  timestamp: '2025-08-11 20:49:50'
}
