{
  service: 'covoiturage-api',
  environment: 'development',
  version: '1.0.0',
  level: 'info',
  message: 'MongoDB connecté: ac-fo3bwlv-shard-00-01.hsp25l7.mongodb.net',
  timestamp: '2025-08-18 18:33:02'
}
{
  service: 'covoiturage-api',
  environment: 'development',
  version: '1.0.0',
  email: 'kouakou01marc@gmail.com',
  level: 'info',
  message: 'Tentative de connexion',
  timestamp: '2025-08-18 19:42:59'
}
{
  service: 'covoiturage-api',
  environment: 'development',
  version: '1.0.0',
  email: 'kouakou01marc@gmail.com',
  level: 'warn',
  message: 'Connexion échouée - Email incorrect',
  timestamp: '2025-08-18 19:42:59'
}
