{
  error: MongooseError: Connection.prototype.close() no longer accepts a callback
      at NativeConnection.close (C:\Projet perso\Convoiturage-Backend2\node_modules\mongoose\lib\connection.js:856:11)
      at Server.<anonymous> (C:\Projet perso\Convoiturage-Backend2\server.js:237:29)
      at Object.onceWrapper (node:events:632:28)
      at Server.emit (node:events:518:28)
      at emitCloseNT (node:net:2418:8)
      at process.processTicksAndRejections (node:internal/process/task_queues:89:21),
  level: 'error',
  message: 'unhandledRejection: Connection.prototype.close() no longer accepts a callback\n' +
    'MongooseError: Connection.prototype.close() no longer accepts a callback\n' +
    '    at NativeConnection.close (C:\\Projet perso\\Convoiturage-Backend2\\node_modules\\mongoose\\lib\\connection.js:856:11)\n' +
    '    at Server.<anonymous> (C:\\Projet perso\\Convoiturage-Backend2\\server.js:237:29)\n' +
    '    at Object.onceWrapper (node:events:632:28)\n' +
    '    at Server.emit (node:events:518:28)\n' +
    '    at emitCloseNT (node:net:2418:8)\n' +
    '    at process.processTicksAndRejections (node:internal/process/task_queues:89:21)',
  stack: 'MongooseError: Connection.prototype.close() no longer accepts a callback\n' +
    '    at NativeConnection.close (C:\\Projet perso\\Convoiturage-Backend2\\node_modules\\mongoose\\lib\\connection.js:856:11)\n' +
    '    at Server.<anonymous> (C:\\Projet perso\\Convoiturage-Backend2\\server.js:237:29)\n' +
    '    at Object.onceWrapper (node:events:632:28)\n' +
    '    at Server.emit (node:events:518:28)\n' +
    '    at emitCloseNT (node:net:2418:8)\n' +
    '    at process.processTicksAndRejections (node:internal/process/task_queues:89:21)',
  rejection: true,
  date: 'Sat Aug 09 2025 16:49:02 GMT+0000 (temps universel coordonné)',
  process: {
    pid: 1892,
    uid: null,
    gid: null,
    cwd: 'C:\\Projet perso\\Convoiturage-Backend2',
    execPath: 'C:\\Program Files\\nodejs\\node.exe',
    version: 'v22.15.0',
    argv: [
      'C:\\Program Files\\nodejs\\node.exe',
      'C:\\Projet perso\\Convoiturage-Backend2\\server'
    ],
    memoryUsage: {
      rss: 70361088,
      heapTotal: 34893824,
      heapUsed: 31518928,
      external: 38947516,
      arrayBuffers: 36509959
    }
  },
  os: { loadavg: [ 0, 0, 0 ], uptime: 16773.781 },
  trace: [
    {
      column: 11,
      file: 'C:\\Projet perso\\Convoiturage-Backend2\\node_modules\\mongoose\\lib\\connection.js',
      function: 'NativeConnection.close',
      line: 856,
      method: 'close',
      native: false
    },
    {
      column: 29,
      file: 'C:\\Projet perso\\Convoiturage-Backend2\\server.js',
      function: null,
      line: 237,
      method: null,
      native: false
    },
    {
      column: 28,
      file: 'node:events',
      function: 'Object.onceWrapper',
      line: 632,
      method: 'onceWrapper',
      native: false
    },
    {
      column: 28,
      file: 'node:events',
      function: 'Server.emit',
      line: 518,
      method: 'emit',
      native: false
    },
    {
      column: 8,
      file: 'node:net',
      function: 'emitCloseNT',
      line: 2418,
      method: null,
      native: false
    },
    {
      column: 21,
      file: 'node:internal/process/task_queues',
      function: 'process.processTicksAndRejections',
      line: 89,
      method: 'processTicksAndRejections',
      native: false
    }
  ],
  service: 'covoiturage-api',
  environment: 'development',
  version: '1.0.0',
  timestamp: '2025-08-09 16:49:02'
}
{
  error: MongooseError: Connection.prototype.close() no longer accepts a callback
      at NativeConnection.close (C:\Projet perso\Convoiturage-Backend2\node_modules\mongoose\lib\connection.js:856:11)
      at Server.<anonymous> (C:\Projet perso\Convoiturage-Backend2\server.js:237:29)
      at Object.onceWrapper (node:events:632:28)
      at Server.emit (node:events:518:28)
      at emitCloseNT (node:net:2418:8)
      at process.processTicksAndRejections (node:internal/process/task_queues:89:21),
  level: 'error',
  message: 'unhandledRejection: Connection.prototype.close() no longer accepts a callback\n' +
    'MongooseError: Connection.prototype.close() no longer accepts a callback\n' +
    '    at NativeConnection.close (C:\\Projet perso\\Convoiturage-Backend2\\node_modules\\mongoose\\lib\\connection.js:856:11)\n' +
    '    at Server.<anonymous> (C:\\Projet perso\\Convoiturage-Backend2\\server.js:237:29)\n' +
    '    at Object.onceWrapper (node:events:632:28)\n' +
    '    at Server.emit (node:events:518:28)\n' +
    '    at emitCloseNT (node:net:2418:8)\n' +
    '    at process.processTicksAndRejections (node:internal/process/task_queues:89:21)',
  stack: 'MongooseError: Connection.prototype.close() no longer accepts a callback\n' +
    '    at NativeConnection.close (C:\\Projet perso\\Convoiturage-Backend2\\node_modules\\mongoose\\lib\\connection.js:856:11)\n' +
    '    at Server.<anonymous> (C:\\Projet perso\\Convoiturage-Backend2\\server.js:237:29)\n' +
    '    at Object.onceWrapper (node:events:632:28)\n' +
    '    at Server.emit (node:events:518:28)\n' +
    '    at emitCloseNT (node:net:2418:8)\n' +
    '    at process.processTicksAndRejections (node:internal/process/task_queues:89:21)',
  rejection: true,
  date: 'Sat Aug 09 2025 17:08:37 GMT+0000 (temps universel coordonné)',
  process: {
    pid: 10852,
    uid: null,
    gid: null,
    cwd: 'C:\\Projet perso\\Convoiturage-Backend2',
    execPath: 'C:\\Program Files\\nodejs\\node.exe',
    version: 'v22.15.0',
    argv: [
      'C:\\Program Files\\nodejs\\node.exe',
      'C:\\Projet perso\\Convoiturage-Backend2\\server'
    ],
    memoryUsage: {
      rss: 78131200,
      heapTotal: 34631680,
      heapUsed: 31527840,
      external: 38947516,
      arrayBuffers: 36509959
    }
  },
  os: { loadavg: [ 0, 0, 0 ], uptime: 17948.593 },
  trace: [
    {
      column: 11,
      file: 'C:\\Projet perso\\Convoiturage-Backend2\\node_modules\\mongoose\\lib\\connection.js',
      function: 'NativeConnection.close',
      line: 856,
      method: 'close',
      native: false
    },
    {
      column: 29,
      file: 'C:\\Projet perso\\Convoiturage-Backend2\\server.js',
      function: null,
      line: 237,
      method: null,
      native: false
    },
    {
      column: 28,
      file: 'node:events',
      function: 'Object.onceWrapper',
      line: 632,
      method: 'onceWrapper',
      native: false
    },
    {
      column: 28,
      file: 'node:events',
      function: 'Server.emit',
      line: 518,
      method: 'emit',
      native: false
    },
    {
      column: 8,
      file: 'node:net',
      function: 'emitCloseNT',
      line: 2418,
      method: null,
      native: false
    },
    {
      column: 21,
      file: 'node:internal/process/task_queues',
      function: 'process.processTicksAndRejections',
      line: 89,
      method: 'processTicksAndRejections',
      native: false
    }
  ],
  service: 'covoiturage-api',
  environment: 'development',
  version: '1.0.0',
  timestamp: '2025-08-09 17:08:37'
}
{
  error: MongooseError: Connection.prototype.close() no longer accepts a callback
      at NativeConnection.close (C:\Projet perso\Convoiturage-Backend2\node_modules\mongoose\lib\connection.js:856:11)
      at Server.<anonymous> (C:\Projet perso\Convoiturage-Backend2\server.js:237:29)
      at Object.onceWrapper (node:events:632:28)
      at Server.emit (node:events:518:28)
      at emitCloseNT (node:net:2418:8)
      at process.processTicksAndRejections (node:internal/process/task_queues:89:21),
  level: 'error',
  message: 'unhandledRejection: Connection.prototype.close() no longer accepts a callback\n' +
    'MongooseError: Connection.prototype.close() no longer accepts a callback\n' +
    '    at NativeConnection.close (C:\\Projet perso\\Convoiturage-Backend2\\node_modules\\mongoose\\lib\\connection.js:856:11)\n' +
    '    at Server.<anonymous> (C:\\Projet perso\\Convoiturage-Backend2\\server.js:237:29)\n' +
    '    at Object.onceWrapper (node:events:632:28)\n' +
    '    at Server.emit (node:events:518:28)\n' +
    '    at emitCloseNT (node:net:2418:8)\n' +
    '    at process.processTicksAndRejections (node:internal/process/task_queues:89:21)',
  stack: 'MongooseError: Connection.prototype.close() no longer accepts a callback\n' +
    '    at NativeConnection.close (C:\\Projet perso\\Convoiturage-Backend2\\node_modules\\mongoose\\lib\\connection.js:856:11)\n' +
    '    at Server.<anonymous> (C:\\Projet perso\\Convoiturage-Backend2\\server.js:237:29)\n' +
    '    at Object.onceWrapper (node:events:632:28)\n' +
    '    at Server.emit (node:events:518:28)\n' +
    '    at emitCloseNT (node:net:2418:8)\n' +
    '    at process.processTicksAndRejections (node:internal/process/task_queues:89:21)',
  rejection: true,
  date: 'Sat Aug 09 2025 17:33:20 GMT+0000 (temps universel coordonné)',
  process: {
    pid: 11596,
    uid: null,
    gid: null,
    cwd: 'C:\\Projet perso\\Convoiturage-Backend2',
    execPath: 'C:\\Program Files\\nodejs\\node.exe',
    version: 'v22.15.0',
    argv: [
      'C:\\Program Files\\nodejs\\node.exe',
      'C:\\Projet perso\\Convoiturage-Backend2\\server'
    ],
    memoryUsage: {
      rss: 71065600,
      heapTotal: 35155968,
      heapUsed: 31531312,
      external: 38947516,
      arrayBuffers: 36509959
    }
  },
  os: { loadavg: [ 0, 0, 0 ], uptime: 19430.953 },
  trace: [
    {
      column: 11,
      file: 'C:\\Projet perso\\Convoiturage-Backend2\\node_modules\\mongoose\\lib\\connection.js',
      function: 'NativeConnection.close',
      line: 856,
      method: 'close',
      native: false
    },
    {
      column: 29,
      file: 'C:\\Projet perso\\Convoiturage-Backend2\\server.js',
      function: null,
      line: 237,
      method: null,
      native: false
    },
    {
      column: 28,
      file: 'node:events',
      function: 'Object.onceWrapper',
      line: 632,
      method: 'onceWrapper',
      native: false
    },
    {
      column: 28,
      file: 'node:events',
      function: 'Server.emit',
      line: 518,
      method: 'emit',
      native: false
    },
    {
      column: 8,
      file: 'node:net',
      function: 'emitCloseNT',
      line: 2418,
      method: null,
      native: false
    },
    {
      column: 21,
      file: 'node:internal/process/task_queues',
      function: 'process.processTicksAndRejections',
      line: 89,
      method: 'processTicksAndRejections',
      native: false
    }
  ],
  service: 'covoiturage-api',
  environment: 'development',
  version: '1.0.0',
  timestamp: '2025-08-09 17:33:20'
}
{
  error: MongooseError: Connection.prototype.close() no longer accepts a callback
      at NativeConnection.close (C:\Projet perso\Convoiturage-Backend2\node_modules\mongoose\lib\connection.js:856:11)
      at Server.<anonymous> (C:\Projet perso\Convoiturage-Backend2\server.js:237:29)
      at Object.onceWrapper (node:events:632:28)
      at Server.emit (node:events:518:28)
      at emitCloseNT (node:net:2418:8)
      at process.processTicksAndRejections (node:internal/process/task_queues:89:21),
  level: 'error',
  message: 'unhandledRejection: Connection.prototype.close() no longer accepts a callback\n' +
    'MongooseError: Connection.prototype.close() no longer accepts a callback\n' +
    '    at NativeConnection.close (C:\\Projet perso\\Convoiturage-Backend2\\node_modules\\mongoose\\lib\\connection.js:856:11)\n' +
    '    at Server.<anonymous> (C:\\Projet perso\\Convoiturage-Backend2\\server.js:237:29)\n' +
    '    at Object.onceWrapper (node:events:632:28)\n' +
    '    at Server.emit (node:events:518:28)\n' +
    '    at emitCloseNT (node:net:2418:8)\n' +
    '    at process.processTicksAndRejections (node:internal/process/task_queues:89:21)',
  stack: 'MongooseError: Connection.prototype.close() no longer accepts a callback\n' +
    '    at NativeConnection.close (C:\\Projet perso\\Convoiturage-Backend2\\node_modules\\mongoose\\lib\\connection.js:856:11)\n' +
    '    at Server.<anonymous> (C:\\Projet perso\\Convoiturage-Backend2\\server.js:237:29)\n' +
    '    at Object.onceWrapper (node:events:632:28)\n' +
    '    at Server.emit (node:events:518:28)\n' +
    '    at emitCloseNT (node:net:2418:8)\n' +
    '    at process.processTicksAndRejections (node:internal/process/task_queues:89:21)',
  rejection: true,
  date: 'Sat Aug 09 2025 17:46:54 GMT+0000 (temps universel coordonné)',
  process: {
    pid: 2316,
    uid: null,
    gid: null,
    cwd: 'C:\\Projet perso\\Convoiturage-Backend2',
    execPath: 'C:\\Program Files\\nodejs\\node.exe',
    version: 'v22.15.0',
    argv: [
      'C:\\Program Files\\nodejs\\node.exe',
      'C:\\Projet perso\\Convoiturage-Backend2\\server'
    ],
    memoryUsage: {
      rss: 70549504,
      heapTotal: 34631680,
      heapUsed: 31511736,
      external: 38947516,
      arrayBuffers: 36509959
    }
  },
  os: { loadavg: [ 0, 0, 0 ], uptime: 20244.968 },
  trace: [
    {
      column: 11,
      file: 'C:\\Projet perso\\Convoiturage-Backend2\\node_modules\\mongoose\\lib\\connection.js',
      function: 'NativeConnection.close',
      line: 856,
      method: 'close',
      native: false
    },
    {
      column: 29,
      file: 'C:\\Projet perso\\Convoiturage-Backend2\\server.js',
      function: null,
      line: 237,
      method: null,
      native: false
    },
    {
      column: 28,
      file: 'node:events',
      function: 'Object.onceWrapper',
      line: 632,
      method: 'onceWrapper',
      native: false
    },
    {
      column: 28,
      file: 'node:events',
      function: 'Server.emit',
      line: 518,
      method: 'emit',
      native: false
    },
    {
      column: 8,
      file: 'node:net',
      function: 'emitCloseNT',
      line: 2418,
      method: null,
      native: false
    },
    {
      column: 21,
      file: 'node:internal/process/task_queues',
      function: 'process.processTicksAndRejections',
      line: 89,
      method: 'processTicksAndRejections',
      native: false
    }
  ],
  service: 'covoiturage-api',
  environment: 'development',
  version: '1.0.0',
  timestamp: '2025-08-09 17:46:54'
}
