{
  service: 'covoiturage-api',
  environment: 'development',
  version: '1.0.0',
  level: 'info',
  message: 'MongoDB connecté: ac-fo3bwlv-shard-00-01.hsp25l7.mongodb.net',
  timestamp: '2025-08-12 00:07:32'
}
{
  service: 'covoiturage-api',
  environment: 'development',
  version: '1.0.0',
  level: 'info',
  message: 'MongoDB connecté: ac-fo3bwlv-shard-00-01.hsp25l7.mongodb.net',
  timestamp: '2025-08-12 00:37:43'
}
{
  service: 'covoiturage-api',
  environment: 'development',
  version: '1.0.0',
  level: 'info',
  message: 'MongoDB connecté: ac-fo3bwlv-shard-00-01.hsp25l7.mongodb.net',
  timestamp: '2025-08-12 00:45:22'
}
{
  service: 'covoiturage-api',
  environment: 'development',
  version: '1.0.0',
  level: 'info',
  message: 'MongoDB connecté: ac-fo3bwlv-shard-00-01.hsp25l7.mongodb.net',
  timestamp: '2025-08-12 00:50:44'
}
