{
  service: 'covoiturage-api',
  environment: 'development',
  version: '1.0.0',
  level: 'info',
  message: 'MongoDB connecté: ac-fo3bwlv-shard-00-01.hsp25l7.mongodb.net',
  timestamp: '2025-08-19 16:23:05'
}
{
  service: 'covoiturage-api',
  environment: 'development',
  version: '1.0.0',
  email: 'samart12center@gmail.com',
  level: 'info',
  message: "Tentative d'inscription",
  timestamp: '2025-08-19 16:56:30'
}
{
  service: 'covoiturage-api',
  environment: 'development',
  version: '1.0.0',
  level: 'error',
  message: 'Erreur détaillée :',
  timestamp: '2025-08-19 16:56:30'
}
{
  service: 'covoiturage-api',
  environment: 'development',
  version: '1.0.0',
  level: 'error',
  message: 'Stack trace :',
  timestamp: '2025-08-19 16:56:30'
}
{
  service: 'covoiturage-api',
  environment: 'development',
  version: '1.0.0',
  email: 'samart12center@gmail.com',
  level: 'info',
  message: "Tentative d'inscription",
  timestamp: '2025-08-19 16:57:41'
}
{
  service: 'covoiturage-api',
  environment: 'development',
  version: '1.0.0',
  to: 'samart12center@gmail.com',
  level: 'info',
  message: 'Email envoyé avec succès',
  timestamp: '2025-08-19 16:57:47'
}
{
  service: 'covoiturage-api',
  environment: 'development',
  version: '1.0.0',
  userId: new ObjectId("68a4ad06441adf4f3e766032"),
  email: 'samart12center@gmail.com',
  level: 'info',
  message: 'Email de confirmation envoyé',
  timestamp: '2025-08-19 16:57:47'
}
{
  service: 'covoiturage-api',
  environment: 'development',
  version: '1.0.0',
  userId: new ObjectId("68a4ad06441adf4f3e766032"),
  level: 'info',
  message: 'Inscription réussie',
  timestamp: '2025-08-19 16:57:47'
}
{
  service: 'covoiturage-api',
  environment: 'development',
  version: '1.0.0',
  email: 'smart12center@gmail.com',
  level: 'info',
  message: "Tentative d'inscription",
  timestamp: '2025-08-19 17:01:19'
}
{
  service: 'covoiturage-api',
  environment: 'development',
  version: '1.0.0',
  to: 'smart12center@gmail.com',
  level: 'info',
  message: 'Email envoyé avec succès',
  timestamp: '2025-08-19 17:01:22'
}
{
  service: 'covoiturage-api',
  environment: 'development',
  version: '1.0.0',
  userId: new ObjectId("68a4addf441adf4f3e766035"),
  email: 'smart12center@gmail.com',
  level: 'info',
  message: 'Email de confirmation envoyé',
  timestamp: '2025-08-19 17:01:22'
}
{
  service: 'covoiturage-api',
  environment: 'development',
  version: '1.0.0',
  userId: new ObjectId("68a4addf441adf4f3e766035"),
  level: 'info',
  message: 'Inscription réussie',
  timestamp: '2025-08-19 17:01:22'
}
{
  service: 'covoiturage-api',
  environment: 'development',
  version: '1.0.0',
  token: 'd1a6a12c61...',
  level: 'info',
  message: "Tentative de confirmation d'email",
  timestamp: '2025-08-19 17:01:48'
}
{
  service: 'covoiturage-api',
  environment: 'development',
  version: '1.0.0',
  userId: new ObjectId("68a4addf441adf4f3e766035"),
  level: 'info',
  message: 'Email confirmé avec succès',
  timestamp: '2025-08-19 17:01:48'
}
{
  service: 'covoiturage-api',
  environment: 'development',
  version: '1.0.0',
  to: 'smart12center@gmail.com',
  level: 'info',
  message: 'Email envoyé avec succès',
  timestamp: '2025-08-19 17:01:50'
}
{
  service: 'covoiturage-api',
  environment: 'development',
  version: '1.0.0',
  level: 'info',
  message: 'MongoDB connecté: ac-fo3bwlv-shard-00-00.hsp25l7.mongodb.net',
  timestamp: '2025-08-19 19:33:49'
}
{
  service: 'covoiturage-api',
  environment: 'development',
  version: '1.0.0',
  email: 'kouakou01marc@gmail.com',
  level: 'info',
  message: "Tentative d'inscription",
  timestamp: '2025-08-19 19:34:26'
}
{
  service: 'covoiturage-api',
  environment: 'development',
  version: '1.0.0',
  to: 'kouakou01marc@gmail.com',
  level: 'info',
  message: 'Email envoyé avec succès',
  timestamp: '2025-08-19 19:34:29'
}
{
  service: 'covoiturage-api',
  environment: 'development',
  version: '1.0.0',
  userId: new ObjectId("68a4d1c26534405c790939cc"),
  email: 'kouakou01marc@gmail.com',
  level: 'info',
  message: 'Email de confirmation envoyé',
  timestamp: '2025-08-19 19:34:29'
}
{
  service: 'covoiturage-api',
  environment: 'development',
  version: '1.0.0',
  userId: new ObjectId("68a4d1c26534405c790939cc"),
  level: 'info',
  message: 'Inscription réussie',
  timestamp: '2025-08-19 19:34:29'
}
{
  service: 'covoiturage-api',
  environment: 'development',
  version: '1.0.0',
  token: '200676d09f...',
  level: 'info',
  message: "Tentative de confirmation d'email",
  timestamp: '2025-08-19 19:35:13'
}
{
  service: 'covoiturage-api',
  environment: 'development',
  version: '1.0.0',
  userId: new ObjectId("68a4d1c26534405c790939cc"),
  level: 'info',
  message: 'Email confirmé avec succès',
  timestamp: '2025-08-19 19:35:13'
}
{
  service: 'covoiturage-api',
  environment: 'development',
  version: '1.0.0',
  errno: -4058,
  code: 'ENOENT',
  syscall: 'open',
  path: 'C:\\Projet perso\\Convoiturage-Backend\\views\\welcome-template.html',
  level: 'error',
  message: "Erreur chargement template welcome-template.html: ENOENT: no such file or directory, open 'C:\\Projet perso\\Convoiturage-Backend\\views\\welcome-template.html'",
  stack: "Error: ENOENT: no such file or directory, open 'C:\\Projet perso\\Convoiturage-Backend\\views\\welcome-template.html'\n" +
    '    at Object.readFileSync (node:fs:442:20)\n' +
    '    at chargerTemplate (C:\\Projet perso\\Convoiturage-Backend\\controllers\\authController.js:16:27)\n' +
    '    at confirmerEmail (C:\\Projet perso\\Convoiturage-Backend\\controllers\\authController.js:232:27)\n' +
    '    at process.processTicksAndRejections (node:internal/process/task_queues:105:5)',
  timestamp: '2025-08-19 19:35:13'
}
{
  service: 'covoiturage-api',
  environment: 'development',
  version: '1.0.0',
  level: 'error',
  message: 'Erreur envoi email bienvenue: Impossible de charger le template welcome-template.html',
  stack: 'Error: Impossible de charger le template welcome-template.html\n' +
    '    at chargerTemplate (C:\\Projet perso\\Convoiturage-Backend\\controllers\\authController.js:27:11)\n' +
    '    at confirmerEmail (C:\\Projet perso\\Convoiturage-Backend\\controllers\\authController.js:232:27)\n' +
    '    at process.processTicksAndRejections (node:internal/process/task_queues:105:5)',
  timestamp: '2025-08-19 19:35:13'
}
{
  service: 'covoiturage-api',
  environment: 'development',
  version: '1.0.0',
  to: 'kouakou01marc@gmail.com',
  level: 'info',
  message: 'Email envoyé avec succès',
  timestamp: '2025-08-19 19:35:15'
}
{
  service: 'covoiturage-api',
  environment: 'development',
  version: '1.0.0',
  token: '200676d09f...',
  level: 'info',
  message: "Tentative de confirmation d'email",
  timestamp: '2025-08-19 19:36:49'
}
{
  service: 'covoiturage-api',
  environment: 'development',
  version: '1.0.0',
  token: '200676d09f...',
  level: 'warn',
  message: 'Confirmation email - Token invalide ou expiré',
  timestamp: '2025-08-19 19:36:49'
}
{
  service: 'covoiturage-api',
  environment: 'development',
  version: '1.0.0',
  token: '200676d09f...',
  level: 'info',
  message: "Tentative de confirmation d'email",
  timestamp: '2025-08-19 19:39:20'
}
{
  service: 'covoiturage-api',
  environment: 'development',
  version: '1.0.0',
  token: '200676d09f...',
  level: 'warn',
  message: 'Confirmation email - Token invalide ou expiré',
  timestamp: '2025-08-19 19:39:20'
}
{
  service: 'covoiturage-api',
  environment: 'development',
  version: '1.0.0',
  token: 'd1a6a12c61...',
  level: 'info',
  message: "Tentative de confirmation d'email",
  timestamp: '2025-08-19 19:39:45'
}
{
  service: 'covoiturage-api',
  environment: 'development',
  version: '1.0.0',
  token: 'd1a6a12c61...',
  level: 'warn',
  message: 'Confirmation email - Token invalide ou expiré',
  timestamp: '2025-08-19 19:39:45'
}
