{
  service: 'covoiturage-api',
  environment: 'development',
  version: '1.0.0',
  level: 'error',
  message: 'Erreur détaillée :',
  timestamp: '2025-08-11 02:06:55'
}
{
  service: 'covoiturage-api',
  environment: 'development',
  version: '1.0.0',
  level: 'error',
  message: 'Stack trace :',
  timestamp: '2025-08-11 02:06:55'
}
{
  service: 'covoiturage-api',
  environment: 'development',
  version: '1.0.0',
  level: 'error',
  message: 'Erreur détaillée :',
  timestamp: '2025-08-11 02:16:10'
}
{
  service: 'covoiturage-api',
  environment: 'development',
  version: '1.0.0',
  level: 'error',
  message: 'Stack trace :',
  timestamp: '2025-08-11 02:16:10'
}
{
  service: 'covoiturage-api',
  environment: 'development',
  version: '1.0.0',
  level: 'error',
  message: 'Erreur détaillée :',
  timestamp: '2025-08-11 02:17:40'
}
{
  service: 'covoiturage-api',
  environment: 'development',
  version: '1.0.0',
  level: 'error',
  message: 'Stack trace :',
  timestamp: '2025-08-11 02:17:40'
}
{
  service: 'covoiturage-api',
  environment: 'development',
  version: '1.0.0',
  level: 'error',
  message: 'Erreur détaillée :',
  timestamp: '2025-08-11 08:35:01'
}
{
  service: 'covoiturage-api',
  environment: 'development',
  version: '1.0.0',
  level: 'error',
  message: 'Stack trace :',
  timestamp: '2025-08-11 08:35:01'
}
{
  service: 'covoiturage-api',
  environment: 'development',
  version: '1.0.0',
  level: 'error',
  message: 'Erreur détaillée :',
  timestamp: '2025-08-11 08:36:17'
}
{
  service: 'covoiturage-api',
  environment: 'development',
  version: '1.0.0',
  level: 'error',
  message: 'Stack trace :',
  timestamp: '2025-08-11 08:36:17'
}
{
  service: 'covoiturage-api',
  environment: 'development',
  version: '1.0.0',
  level: 'error',
  message: 'Erreur détaillée :',
  timestamp: '2025-08-11 09:02:13'
}
{
  service: 'covoiturage-api',
  environment: 'development',
  version: '1.0.0',
  level: 'error',
  message: 'Stack trace :',
  timestamp: '2025-08-11 09:02:13'
}
{
  service: 'covoiturage-api',
  environment: 'development',
  version: '1.0.0',
  level: 'error',
  message: 'Erreur détaillée :',
  timestamp: '2025-08-11 09:11:49'
}
{
  service: 'covoiturage-api',
  environment: 'development',
  version: '1.0.0',
  level: 'error',
  message: 'Stack trace :',
  timestamp: '2025-08-11 09:11:49'
}
{
  service: 'covoiturage-api',
  environment: 'development',
  version: '1.0.0',
  level: 'error',
  message: 'Erreur détaillée :',
  timestamp: '2025-08-11 09:11:52'
}
{
  service: 'covoiturage-api',
  environment: 'development',
  version: '1.0.0',
  level: 'error',
  message: 'Stack trace :',
  timestamp: '2025-08-11 09:11:52'
}
{
  service: 'covoiturage-api',
  environment: 'development',
  version: '1.0.0',
  level: 'error',
  message: 'Erreur détaillée :',
  timestamp: '2025-08-11 09:11:54'
}
{
  service: 'covoiturage-api',
  environment: 'development',
  version: '1.0.0',
  level: 'error',
  message: 'Stack trace :',
  timestamp: '2025-08-11 09:11:54'
}
{
  service: 'covoiturage-api',
  environment: 'development',
  version: '1.0.0',
  level: 'error',
  message: 'Erreur détaillée :',
  timestamp: '2025-08-11 09:11:57'
}
{
  service: 'covoiturage-api',
  environment: 'development',
  version: '1.0.0',
  level: 'error',
  message: 'Stack trace :',
  timestamp: '2025-08-11 09:11:57'
}
{
  service: 'covoiturage-api',
  environment: 'development',
  version: '1.0.0',
  level: 'error',
  message: 'Erreur détaillée :',
  timestamp: '2025-08-11 14:09:36'
}
{
  service: 'covoiturage-api',
  environment: 'development',
  version: '1.0.0',
  level: 'error',
  message: 'Stack trace :',
  timestamp: '2025-08-11 14:09:36'
}
{
  service: 'covoiturage-api',
  environment: 'development',
  version: '1.0.0',
  level: 'error',
  message: 'Erreur détaillée :',
  timestamp: '2025-08-11 14:26:07'
}
{
  service: 'covoiturage-api',
  environment: 'development',
  version: '1.0.0',
  level: 'error',
  message: 'Stack trace :',
  timestamp: '2025-08-11 14:26:08'
}
{
  service: 'covoiturage-api',
  environment: 'development',
  version: '1.0.0',
  level: 'error',
  message: 'Erreur détaillée :',
  timestamp: '2025-08-11 17:47:39'
}
{
  service: 'covoiturage-api',
  environment: 'development',
  version: '1.0.0',
  level: 'error',
  message: 'Stack trace :',
  timestamp: '2025-08-11 17:47:39'
}
{
  service: 'covoiturage-api',
  environment: 'development',
  version: '1.0.0',
  level: 'error',
  message: 'Erreur détaillée :',
  timestamp: '2025-08-11 18:29:04'
}
{
  service: 'covoiturage-api',
  environment: 'development',
  version: '1.0.0',
  level: 'error',
  message: 'Stack trace :',
  timestamp: '2025-08-11 18:29:04'
}
{
  service: 'covoiturage-api',
  environment: 'development',
  version: '1.0.0',
  level: 'error',
  message: 'Erreur détaillée :',
  timestamp: '2025-08-11 18:55:18'
}
{
  service: 'covoiturage-api',
  environment: 'development',
  version: '1.0.0',
  level: 'error',
  message: 'Stack trace :',
  timestamp: '2025-08-11 18:55:18'
}
{
  service: 'covoiturage-api',
  environment: 'development',
  version: '1.0.0',
  level: 'error',
  message: 'Erreur détaillée :',
  timestamp: '2025-08-11 18:55:20'
}
{
  service: 'covoiturage-api',
  environment: 'development',
  version: '1.0.0',
  level: 'error',
  message: 'Stack trace :',
  timestamp: '2025-08-11 18:55:20'
}
{
  service: 'covoiturage-api',
  environment: 'development',
  version: '1.0.0',
  level: 'error',
  message: 'Erreur détaillée :',
  timestamp: '2025-08-11 19:42:01'
}
{
  service: 'covoiturage-api',
  environment: 'development',
  version: '1.0.0',
  level: 'error',
  message: 'Stack trace :',
  timestamp: '2025-08-11 19:42:01'
}
{
  service: 'covoiturage-api',
  environment: 'development',
  version: '1.0.0',
  level: 'error',
  message: 'Erreur détaillée :',
  timestamp: '2025-08-11 19:49:47'
}
{
  service: 'covoiturage-api',
  environment: 'development',
  version: '1.0.0',
  level: 'error',
  message: 'Stack trace :',
  timestamp: '2025-08-11 19:49:47'
}
{
  service: 'covoiturage-api',
  environment: 'development',
  version: '1.0.0',
  level: 'error',
  message: 'Erreur détaillée :',
  timestamp: '2025-08-11 19:55:09'
}
{
  service: 'covoiturage-api',
  environment: 'development',
  version: '1.0.0',
  level: 'error',
  message: 'Stack trace :',
  timestamp: '2025-08-11 19:55:09'
}
{
  service: 'covoiturage-api',
  environment: 'development',
  version: '1.0.0',
  level: 'error',
  message: 'Erreur détaillée :',
  timestamp: '2025-08-11 19:55:10'
}
{
  service: 'covoiturage-api',
  environment: 'development',
  version: '1.0.0',
  level: 'error',
  message: 'Stack trace :',
  timestamp: '2025-08-11 19:55:10'
}
{
  service: 'covoiturage-api',
  environment: 'development',
  version: '1.0.0',
  level: 'error',
  message: 'Erreur détaillée :',
  timestamp: '2025-08-11 20:10:10'
}
{
  service: 'covoiturage-api',
  environment: 'development',
  version: '1.0.0',
  level: 'error',
  message: 'Stack trace :',
  timestamp: '2025-08-11 20:10:10'
}
{
  service: 'covoiturage-api',
  environment: 'development',
  version: '1.0.0',
  level: 'error',
  message: 'Erreur détaillée :',
  timestamp: '2025-08-11 20:10:12'
}
{
  service: 'covoiturage-api',
  environment: 'development',
  version: '1.0.0',
  level: 'error',
  message: 'Stack trace :',
  timestamp: '2025-08-11 20:10:12'
}
{
  service: 'covoiturage-api',
  environment: 'development',
  version: '1.0.0',
  level: 'error',
  message: "Erreur de connexion MongoDB: Could not connect to any servers in your MongoDB Atlas cluster. One common reason is that you're trying to access the database from an IP that isn't whitelisted. Make sure your current IP address is on your Atlas cluster's IP whitelist: https://www.mongodb.com/docs/atlas/security-whitelist/",
  timestamp: '2025-08-11 20:23:08'
}
